Info: Starting: Create block symbol file (.bsf)
Info: ip-generate --project-directory=D:/Design/Altera/NIOS_Tutorial/ --output-directory=D:/Design/Altera/NIOS_Tutorial/NIOSII_Tutorial/ --report-file=bsf:D:/Design/Altera/NIOS_Tutorial/NIOSII_Tutorial.bsf --system-info=DEVICE_FAMILY="Cyclone III" --system-info=DEVICE=EP3C25F324C6 --system-info=DEVICE_SPEEDGRADE=6 --component-file=D:/Design/Altera/NIOS_Tutorial/NIOSII_Tutorial.qsys
Progress: Loading NIOS_Tutorial/NIOSII_Tutorial.qsys
Progress: Reading input file
Progress: Adding clk_0 [clock_source 12.1]
Progress: Parameterizing module clk_0
Progress: Adding onchip_mem [altera_avalon_onchip_memory2 12.1]
Progress: Parameterizing module onchip_mem
Progress: Adding cpu [altera_nios2_qsys 12.1]
Progress: Parameterizing module cpu
Progress: Adding jtag_uart [altera_avalon_jtag_uart 12.1]
Progress: Parameterizing module jtag_uart
Progress: Adding sys_clk_timer [altera_avalon_timer 12.1]
Progress: Parameterizing module sys_clk_timer
Progress: Adding sysid [altera_avalon_sysid_qsys 12.1]
Progress: Parameterizing module sysid
Progress: Adding led_pio [altera_avalon_pio 12.1]
Progress: Parameterizing module led_pio
Progress: Building connections
Progress: Parameterizing connections
Progress: Validating
Progress: Done reading input file
Info: NIOSII_Tutorial.onchip_mem: Memory will be initialized from onchip_mem.hex
Info: NIOSII_Tutorial.sysid: System ID is not assigned automatically. Edit the System ID parameter to provide a unique ID
Info: NIOSII_Tutorial.sysid: Time stamp will be automatically updated when this component is generated.
Info: ip-generate succeeded.
Info: Finished: Create block symbol file (.bsf)
Info: 
Info: Starting: Create HDL design files for synthesis
Info: ip-generate --project-directory=D:/Design/Altera/NIOS_Tutorial/ --output-directory=D:/Design/Altera/NIOS_Tutorial/NIOSII_Tutorial/synthesis/ --file-set=QUARTUS_SYNTH --report-file=sopcinfo:D:/Design/Altera/NIOS_Tutorial/NIOSII_Tutorial.sopcinfo --report-file=html:D:/Design/Altera/NIOS_Tutorial/NIOSII_Tutorial.html --report-file=qip:D:/Design/Altera/NIOS_Tutorial/NIOSII_Tutorial/synthesis/NIOSII_Tutorial.qip --report-file=cmp:D:/Design/Altera/NIOS_Tutorial/NIOSII_Tutorial.cmp --system-info=DEVICE_FAMILY="Cyclone III" --system-info=DEVICE=EP3C25F324C6 --system-info=DEVICE_SPEEDGRADE=6 --component-file=D:/Design/Altera/NIOS_Tutorial/NIOSII_Tutorial.qsys
Progress: Loading NIOS_Tutorial/NIOSII_Tutorial.qsys
Progress: Reading input file
Progress: Adding clk_0 [clock_source 12.1]
Progress: Parameterizing module clk_0
Progress: Adding onchip_mem [altera_avalon_onchip_memory2 12.1]
Progress: Parameterizing module onchip_mem
Progress: Adding cpu [altera_nios2_qsys 12.1]
Progress: Parameterizing module cpu
Progress: Adding jtag_uart [altera_avalon_jtag_uart 12.1]
Progress: Parameterizing module jtag_uart
Progress: Adding sys_clk_timer [altera_avalon_timer 12.1]
Progress: Parameterizing module sys_clk_timer
Progress: Adding sysid [altera_avalon_sysid_qsys 12.1]
Progress: Parameterizing module sysid
Progress: Adding led_pio [altera_avalon_pio 12.1]
Progress: Parameterizing module led_pio
Progress: Building connections
Progress: Parameterizing connections
Progress: Validating
Progress: Done reading input file
Info: NIOSII_Tutorial.onchip_mem: Memory will be initialized from onchip_mem.hex
Info: NIOSII_Tutorial.sysid: System ID is not assigned automatically. Edit the System ID parameter to provide a unique ID
Info: NIOSII_Tutorial.sysid: Time stamp will be automatically updated when this component is generated.
Info: NIOSII_Tutorial: Generating NIOSII_Tutorial "NIOSII_Tutorial" for QUARTUS_SYNTH
Info: pipeline_bridge_swap_transform: After transform: 7 modules, 22 connections
Info: No custom instruction connections, skipping transform 
Info: merlin_translator_transform: After transform: 15 modules, 46 connections
Info: merlin_domain_transform: After transform: 30 modules, 124 connections
Info: merlin_router_transform: After transform: 38 modules, 148 connections
Info: merlin_traffic_limiter_transform: After transform: 39 modules, 152 connections
Info: reset_adaptation_transform: After transform: 40 modules, 154 connections
Info: merlin_network_to_switch_transform: After transform: 55 modules, 186 connections
Info: limiter_update_transform: After transform: 55 modules, 187 connections
Info: merlin_interrupt_mapper_transform: After transform: 56 modules, 190 connections
Info: Starting classic module elaboration.
cygwin warning:
  MS-DOS style path detected: C:/altera/12.1/quartus/sopc_builder/bin/nios_sh
  Preferred POSIX equivalent is: /cygdrive/c/altera/12.1/quartus/sopc_builder/bin/nios_sh
  CYGWIN environment variable option "nodosfilewarning" turns off this warning.
  Consult the user's guide for more details about POSIX paths:
    http://cygwin.com/cygwin-ug-net/using.html#using-pathnames
"c:/altera/12.1/quartus/bin/jre/bin/java.exe" -Xmx512M -classpath "c:/altera/12.1/quartus/sopc_builder/bin/sopc_builder.jar;c:/altera/12.1/quartus/sopc_builder/bin/PinAssigner.jar;c:/altera/12.1/quartus/sopc_builder/bin/sopc_wizard.jar;c:/altera/12.1/quartus/sopc_builder/bin/jptf.jar" sopc_builder.sopc_builder  -d"c:/altera/12.1/quartus/sopc_builder" -notalkback=1 -projectnameyysystem.qpf -projectpathC:/Users/epf/AppData/Local/Temp/alt5715_1695204991483215325.dir/0001_sopclgen  --no_splash --refresh C:/Users/epf/AppData/Local/Temp/alt5715_1695204991483215325.dir/0001_sopclgen/yysystem.v --quartus_dir="c:/altera/12.1/quartus" --sopc_perl="c:/altera/12.1/quartus/bin/perl" --sopc_lib_path="++c:/altera/12.1/quartus/../ip/altera/sopc_builder_ip+c:/altera/12.1/quartus/../ip/altera/nios2_ip"
Info: Finished elaborating classic module.
Executing: C:/altera/12.1/quartus//sopc_builder/bin/sopc_builder --classic --generate C:/Users/epf/AppData/Local/Temp/alt5715_1695204991483215325.dir/0001_sopclgen/yysystem.ptf
Info: Running sopc_builder...
cygwin warning:
  MS-DOS style path detected: C:/altera/12.1/quartus/sopc_builder/bin/nios_sh
  Preferred POSIX equivalent is: /cygdrive/c/altera/12.1/quartus/sopc_builder/bin/nios_sh
  CYGWIN environment variable option "nodosfilewarning" turns off this warning.
  Consult the user's guide for more details about POSIX paths:
    http://cygwin.com/cygwin-ug-net/using.html#using-pathnames
"c:/altera/12.1/quartus/bin/jre/bin/java.exe" -Xmx512M -classpath "c:/altera/12.1/quartus/sopc_builder/bin/sopc_builder.jar;c:/altera/12.1/quartus/sopc_builder/bin/PinAssigner.jar;c:/altera/12.1/quartus/sopc_builder/bin/sopc_wizard.jar;c:/altera/12.1/quartus/sopc_builder/bin/jptf.jar" sopc_builder.sopc_builder  -d"c:/altera/12.1/quartus/sopc_builder" -notalkback=1 -projectnameyysystem.qpf -projectpathC:/Users/epf/AppData/Local/Temp/alt5715_1695204991483215325.dir/0001_sopclgen  --generate C:/Users/epf/AppData/Local/Temp/alt5715_1695204991483215325.dir/0001_sopclgen/yysystem.v --quartus_dir="c:/altera/12.1/quartus" --sopc_perl="c:/altera/12.1/quartus/bin/perl" --sopc_lib_path="++c:/altera/12.1/quartus/../ip/altera/sopc_builder_ip+c:/altera/12.1/quartus/../ip/altera/nios2_ip"
No .sopc_builder configuration file(!)
.
# 2013.01.10 18:42:35 (*) Success: sopc_builder finished.
Info: onchip_mem: "NIOSII_Tutorial" instantiated altera_avalon_onchip_memory2 "onchip_mem"
Info: cpu: Starting RTL generation for module 'NIOSII_Tutorial_cpu'
Info: cpu:   Generation command is [exec C:/altera/12.1/quartus/../ip/altera/nios2_ip/altera_nios2/eperl.exe -I C:/altera/12.1/quartus/common/ip/altera/common/perl/5.8.3 -I C:/altera/12.1/quartus/sopc_builder/bin/europa -I C:/altera/12.1/quartus/sopc_builder/bin/perl_lib -I C:/altera/12.1/quartus/sopc_builder/bin -I C:/altera/12.1/quartus/../ip/altera/nios2_ip/altera_nios2/cpu_lib -I C:/altera/12.1/quartus/../ip/altera/nios2_ip/altera_nios2/nios_lib -I C:/altera/12.1/quartus/../ip/altera/nios2_ip/altera_nios2 -I C:/altera/12.1/quartus/../ip/altera/nios2_ip/altera_nios2 -- C:/altera/12.1/quartus/../ip/altera/nios2_ip/altera_nios2/generate_rtl.epl --name=NIOSII_Tutorial_cpu --dir=C:/Users/epf/AppData/Local/Temp/alt5715_1695204991483215325.dir/0002_cpu_gen/ --quartus_dir=C:/altera/12.1/quartus --verilog --config=C:/Users/epf/AppData/Local/Temp/alt5715_1695204991483215325.dir/0002_cpu_gen//NIOSII_Tutorial_cpu_processor_configuration.pl  --do_build_sim=0    --bogus  ]
Info: cpu: # 2013.01.10 18:42:37 (*) Starting Nios II generation
Info: cpu: # 2013.01.10 18:42:37 (*)   Checking for plaintext license.
Info: cpu: # 2013.01.10 18:42:38 (*)   Couldn't query license setup in Quartus directory C:/altera/12.1/quartus
Info: cpu: # 2013.01.10 18:42:38 (*)   Defaulting to contents of LM_LICENSE_FILE environment variable
Info: cpu: # 2013.01.10 18:42:38 (*)   LM_LICENSE_FILE environment variable is empty
Info: cpu: # 2013.01.10 18:42:38 (*)   Plaintext license not found.
Info: cpu: # 2013.01.10 18:42:38 (*)   Checking for encrypted license (non-evaluation).
Info: cpu: # 2013.01.10 18:42:38 (*)   Couldn't query license setup in Quartus directory C:/altera/12.1/quartus
Info: cpu: # 2013.01.10 18:42:38 (*)   Defaulting to contents of LM_LICENSE_FILE environment variable
Info: cpu: # 2013.01.10 18:42:38 (*)   LM_LICENSE_FILE environment variable is empty
Info: cpu: # 2013.01.10 18:42:38 (*)   Encrypted license not found.  Defaulting to OCP evaluation license (produces a time-limited SOF)
Info: cpu: # 2013.01.10 18:42:38 (*)   Elaborating CPU configuration settings
Info: cpu: # 2013.01.10 18:42:38 (*)   Creating all objects for CPU
Info: cpu: # 2013.01.10 18:42:39 (*)     Pipeline frontend
Info: cpu: # 2013.01.10 18:42:40 (*)   Generating RTL from CPU objects
Info: cpu: # 2013.01.10 18:42:43 (*)   Creating encrypted RTL
Info: cpu: # 2013.01.10 18:42:44 (*) Done Nios II generation
Info: cpu: Done RTL generation for module 'NIOSII_Tutorial_cpu'
Info: cpu: "NIOSII_Tutorial" instantiated altera_nios2_qsys "cpu"
Info: Starting classic module elaboration.
cygwin warning:
  MS-DOS style path detected: C:/altera/12.1/quartus/sopc_builder/bin/nios_sh
  Preferred POSIX equivalent is: /cygdrive/c/altera/12.1/quartus/sopc_builder/bin/nios_sh
  CYGWIN environment variable option "nodosfilewarning" turns off this warning.
  Consult the user's guide for more details about POSIX paths:
    http://cygwin.com/cygwin-ug-net/using.html#using-pathnames
"c:/altera/12.1/quartus/bin/jre/bin/java.exe" -Xmx512M -classpath "c:/altera/12.1/quartus/sopc_builder/bin/sopc_builder.jar;c:/altera/12.1/quartus/sopc_builder/bin/PinAssigner.jar;c:/altera/12.1/quartus/sopc_builder/bin/sopc_wizard.jar;c:/altera/12.1/quartus/sopc_builder/bin/jptf.jar" sopc_builder.sopc_builder  -d"c:/altera/12.1/quartus/sopc_builder" -notalkback=1 -projectnameyysystem.qpf -projectpathC:/Users/epf/AppData/Local/Temp/alt5715_1695204991483215325.dir/0003_sopclgen  --no_splash --refresh C:/Users/epf/AppData/Local/Temp/alt5715_1695204991483215325.dir/0003_sopclgen/yysystem.v --quartus_dir="c:/altera/12.1/quartus" --sopc_perl="c:/altera/12.1/quartus/bin/perl" --sopc_lib_path="++c:/altera/12.1/quartus/../ip/altera/sopc_builder_ip+c:/altera/12.1/quartus/../ip/altera/nios2_ip"
Info: Finished elaborating classic module.
Executing: C:/altera/12.1/quartus//sopc_builder/bin/sopc_builder --classic --generate C:/Users/epf/AppData/Local/Temp/alt5715_1695204991483215325.dir/0003_sopclgen/yysystem.ptf
Info: Running sopc_builder...
cygwin warning:
  MS-DOS style path detected: C:/altera/12.1/quartus/sopc_builder/bin/nios_sh
  Preferred POSIX equivalent is: /cygdrive/c/altera/12.1/quartus/sopc_builder/bin/nios_sh
  CYGWIN environment variable option "nodosfilewarning" turns off this warning.
  Consult the user's guide for more details about POSIX paths:
    http://cygwin.com/cygwin-ug-net/using.html#using-pathnames
"c:/altera/12.1/quartus/bin/jre/bin/java.exe" -Xmx512M -classpath "c:/altera/12.1/quartus/sopc_builder/bin/sopc_builder.jar;c:/altera/12.1/quartus/sopc_builder/bin/PinAssigner.jar;c:/altera/12.1/quartus/sopc_builder/bin/sopc_wizard.jar;c:/altera/12.1/quartus/sopc_builder/bin/jptf.jar" sopc_builder.sopc_builder  -d"c:/altera/12.1/quartus/sopc_builder" -notalkback=1 -projectnameyysystem.qpf -projectpathC:/Users/epf/AppData/Local/Temp/alt5715_1695204991483215325.dir/0003_sopclgen  --generate C:/Users/epf/AppData/Local/Temp/alt5715_1695204991483215325.dir/0003_sopclgen/yysystem.v --quartus_dir="c:/altera/12.1/quartus" --sopc_perl="c:/altera/12.1/quartus/bin/perl" --sopc_lib_path="++c:/altera/12.1/quartus/../ip/altera/sopc_builder_ip+c:/altera/12.1/quartus/../ip/altera/nios2_ip"
No .sopc_builder configuration file(!)
.
# 2013.01.10 18:42:50 (*) Success: sopc_builder finished.
Info: jtag_uart: "NIOSII_Tutorial" instantiated altera_avalon_jtag_uart "jtag_uart"
Info: Starting classic module elaboration.
cygwin warning:
  MS-DOS style path detected: C:/altera/12.1/quartus/sopc_builder/bin/nios_sh
  Preferred POSIX equivalent is: /cygdrive/c/altera/12.1/quartus/sopc_builder/bin/nios_sh
  CYGWIN environment variable option "nodosfilewarning" turns off this warning.
  Consult the user's guide for more details about POSIX paths:
    http://cygwin.com/cygwin-ug-net/using.html#using-pathnames
"c:/altera/12.1/quartus/bin/jre/bin/java.exe" -Xmx512M -classpath "c:/altera/12.1/quartus/sopc_builder/bin/sopc_builder.jar;c:/altera/12.1/quartus/sopc_builder/bin/PinAssigner.jar;c:/altera/12.1/quartus/sopc_builder/bin/sopc_wizard.jar;c:/altera/12.1/quartus/sopc_builder/bin/jptf.jar" sopc_builder.sopc_builder  -d"c:/altera/12.1/quartus/sopc_builder" -notalkback=1 -projectnameyysystem.qpf -projectpathC:/Users/epf/AppData/Local/Temp/alt5715_1695204991483215325.dir/0004_sopclgen  --no_splash --refresh C:/Users/epf/AppData/Local/Temp/alt5715_1695204991483215325.dir/0004_sopclgen/yysystem.v --quartus_dir="c:/altera/12.1/quartus" --sopc_perl="c:/altera/12.1/quartus/bin/perl" --sopc_lib_path="++c:/altera/12.1/quartus/../ip/altera/sopc_builder_ip+c:/altera/12.1/quartus/../ip/altera/nios2_ip"
Info: Finished elaborating classic module.
Executing: C:/altera/12.1/quartus//sopc_builder/bin/sopc_builder --classic --generate C:/Users/epf/AppData/Local/Temp/alt5715_1695204991483215325.dir/0004_sopclgen/yysystem.ptf
Info: Running sopc_builder...
cygwin warning:
  MS-DOS style path detected: C:/altera/12.1/quartus/sopc_builder/bin/nios_sh
  Preferred POSIX equivalent is: /cygdrive/c/altera/12.1/quartus/sopc_builder/bin/nios_sh
  CYGWIN environment variable option "nodosfilewarning" turns off this warning.
  Consult the user's guide for more details about POSIX paths:
    http://cygwin.com/cygwin-ug-net/using.html#using-pathnames
"c:/altera/12.1/quartus/bin/jre/bin/java.exe" -Xmx512M -classpath "c:/altera/12.1/quartus/sopc_builder/bin/sopc_builder.jar;c:/altera/12.1/quartus/sopc_builder/bin/PinAssigner.jar;c:/altera/12.1/quartus/sopc_builder/bin/sopc_wizard.jar;c:/altera/12.1/quartus/sopc_builder/bin/jptf.jar" sopc_builder.sopc_builder  -d"c:/altera/12.1/quartus/sopc_builder" -notalkback=1 -projectnameyysystem.qpf -projectpathC:/Users/epf/AppData/Local/Temp/alt5715_1695204991483215325.dir/0004_sopclgen  --generate C:/Users/epf/AppData/Local/Temp/alt5715_1695204991483215325.dir/0004_sopclgen/yysystem.v --quartus_dir="c:/altera/12.1/quartus" --sopc_perl="c:/altera/12.1/quartus/bin/perl" --sopc_lib_path="++c:/altera/12.1/quartus/../ip/altera/sopc_builder_ip+c:/altera/12.1/quartus/../ip/altera/nios2_ip"
No .sopc_builder configuration file(!)
.
# 2013.01.10 18:42:56 (*) Success: sopc_builder finished.
Info: sys_clk_timer: "NIOSII_Tutorial" instantiated altera_avalon_timer "sys_clk_timer"
Info: sysid: "NIOSII_Tutorial" instantiated altera_avalon_sysid_qsys "sysid"
Info: Starting classic module elaboration.
cygwin warning:
  MS-DOS style path detected: C:/altera/12.1/quartus/sopc_builder/bin/nios_sh
  Preferred POSIX equivalent is: /cygdrive/c/altera/12.1/quartus/sopc_builder/bin/nios_sh
  CYGWIN environment variable option "nodosfilewarning" turns off this warning.
  Consult the user's guide for more details about POSIX paths:
    http://cygwin.com/cygwin-ug-net/using.html#using-pathnames
"c:/altera/12.1/quartus/bin/jre/bin/java.exe" -Xmx512M -classpath "c:/altera/12.1/quartus/sopc_builder/bin/sopc_builder.jar;c:/altera/12.1/quartus/sopc_builder/bin/PinAssigner.jar;c:/altera/12.1/quartus/sopc_builder/bin/sopc_wizard.jar;c:/altera/12.1/quartus/sopc_builder/bin/jptf.jar" sopc_builder.sopc_builder  -d"c:/altera/12.1/quartus/sopc_builder" -notalkback=1 -projectnameyysystem.qpf -projectpathC:/Users/epf/AppData/Local/Temp/alt5715_1695204991483215325.dir/0006_sopclgen  --no_splash --refresh C:/Users/epf/AppData/Local/Temp/alt5715_1695204991483215325.dir/0006_sopclgen/yysystem.v --quartus_dir="c:/altera/12.1/quartus" --sopc_perl="c:/altera/12.1/quartus/bin/perl" --sopc_lib_path="++c:/altera/12.1/quartus/../ip/altera/sopc_builder_ip+c:/altera/12.1/quartus/../ip/altera/nios2_ip"
Info: Finished elaborating classic module.
Executing: C:/altera/12.1/quartus//sopc_builder/bin/sopc_builder --classic --generate C:/Users/epf/AppData/Local/Temp/alt5715_1695204991483215325.dir/0006_sopclgen/yysystem.ptf
Info: Running sopc_builder...
cygwin warning:
  MS-DOS style path detected: C:/altera/12.1/quartus/sopc_builder/bin/nios_sh
  Preferred POSIX equivalent is: /cygdrive/c/altera/12.1/quartus/sopc_builder/bin/nios_sh
  CYGWIN environment variable option "nodosfilewarning" turns off this warning.
  Consult the user's guide for more details about POSIX paths:
    http://cygwin.com/cygwin-ug-net/using.html#using-pathnames
"c:/altera/12.1/quartus/bin/jre/bin/java.exe" -Xmx512M -classpath "c:/altera/12.1/quartus/sopc_builder/bin/sopc_builder.jar;c:/altera/12.1/quartus/sopc_builder/bin/PinAssigner.jar;c:/altera/12.1/quartus/sopc_builder/bin/sopc_wizard.jar;c:/altera/12.1/quartus/sopc_builder/bin/jptf.jar" sopc_builder.sopc_builder  -d"c:/altera/12.1/quartus/sopc_builder" -notalkback=1 -projectnameyysystem.qpf -projectpathC:/Users/epf/AppData/Local/Temp/alt5715_1695204991483215325.dir/0006_sopclgen  --generate C:/Users/epf/AppData/Local/Temp/alt5715_1695204991483215325.dir/0006_sopclgen/yysystem.v --quartus_dir="c:/altera/12.1/quartus" --sopc_perl="c:/altera/12.1/quartus/bin/perl" --sopc_lib_path="++c:/altera/12.1/quartus/../ip/altera/sopc_builder_ip+c:/altera/12.1/quartus/../ip/altera/nios2_ip"
No .sopc_builder configuration file(!)
.
# 2013.01.10 18:43:02 (*) Success: sopc_builder finished.
Info: led_pio: "NIOSII_Tutorial" instantiated altera_avalon_pio "led_pio"
Info: cpu_instruction_master_translator: "NIOSII_Tutorial" instantiated altera_merlin_master_translator "cpu_instruction_master_translator"
Info: cpu_jtag_debug_module_translator: "NIOSII_Tutorial" instantiated altera_merlin_slave_translator "cpu_jtag_debug_module_translator"
Info: cpu_instruction_master_translator_avalon_universal_master_0_agent: "NIOSII_Tutorial" instantiated altera_merlin_master_agent "cpu_instruction_master_translator_avalon_universal_master_0_agent"
Info: cpu_jtag_debug_module_translator_avalon_universal_slave_0_agent: "NIOSII_Tutorial" instantiated altera_merlin_slave_agent "cpu_jtag_debug_module_translator_avalon_universal_slave_0_agent"
Info: cpu_jtag_debug_module_translator_avalon_universal_slave_0_agent_rsp_fifo: "NIOSII_Tutorial" instantiated altera_avalon_sc_fifo "cpu_jtag_debug_module_translator_avalon_universal_slave_0_agent_rsp_fifo"
Info: addr_router: "NIOSII_Tutorial" instantiated altera_merlin_router "addr_router"
Info: addr_router_001: "NIOSII_Tutorial" instantiated altera_merlin_router "addr_router_001"
Info: id_router: "NIOSII_Tutorial" instantiated altera_merlin_router "id_router"
Info: id_router_002: "NIOSII_Tutorial" instantiated altera_merlin_router "id_router_002"
Info: limiter: "NIOSII_Tutorial" instantiated altera_merlin_traffic_limiter "limiter"
Info: rst_controller: "NIOSII_Tutorial" instantiated altera_reset_controller "rst_controller"
Info: cmd_xbar_demux: "NIOSII_Tutorial" instantiated altera_merlin_demultiplexer "cmd_xbar_demux"
Info: cmd_xbar_demux_001: "NIOSII_Tutorial" instantiated altera_merlin_demultiplexer "cmd_xbar_demux_001"
Info: cmd_xbar_mux: "NIOSII_Tutorial" instantiated altera_merlin_multiplexer "cmd_xbar_mux"
Info: rsp_xbar_demux: "NIOSII_Tutorial" instantiated altera_merlin_demultiplexer "rsp_xbar_demux"
Info: rsp_xbar_demux_002: "NIOSII_Tutorial" instantiated altera_merlin_demultiplexer "rsp_xbar_demux_002"
Info: rsp_xbar_mux: "NIOSII_Tutorial" instantiated altera_merlin_multiplexer "rsp_xbar_mux"
Info: Reusing file D:/Design/Altera/NIOS_Tutorial/NIOSII_Tutorial/synthesis/submodules/altera_merlin_arbitrator.sv
Info: rsp_xbar_mux_001: "NIOSII_Tutorial" instantiated altera_merlin_multiplexer "rsp_xbar_mux_001"
Info: Reusing file D:/Design/Altera/NIOS_Tutorial/NIOSII_Tutorial/synthesis/submodules/altera_merlin_arbitrator.sv
Info: irq_mapper: "NIOSII_Tutorial" instantiated altera_irq_mapper "irq_mapper"
Info: NIOSII_Tutorial: Done NIOSII_Tutorial" with 26 modules, 78 files, 1514052 bytes
Info: ip-generate succeeded.
Info: Finished: Create HDL design files for synthesis
