Flow report for NIOS_Tut
Sun Jan 13 20:35:36 2013
Quartus II 64-Bit Version 12.1 Build 177 11/07/2012 SJ Web Edition


---------------------
; Table of Contents ;
---------------------
  1. Legal Notice
  2. Flow Summary
  3. Flow Settings
  4. Flow Non-Default Global Settings
  5. Flow Elapsed Time
  6. Flow OS Summary
  7. Flow Log



----------------
; Legal Notice ;
----------------
Copyright (C) 1991-2012 Altera Corporation
Your use of Altera Corporation's design tools, logic functions 
and other software and tools, and its AMPP partner logic 
functions, and any output files from any of the foregoing 
(including device programming or simulation files), and any 
associated documentation or information are expressly subject 
to the terms and conditions of the Altera Program License 
Subscription Agreement, Altera MegaCore Function License 
Agreement, or other applicable license agreement, including, 
without limitation, that your use is for the sole purpose of 
programming logic devices manufactured by Altera and sold by 
Altera or its authorized distributors.  Please refer to the 
applicable agreement for further details.



+-------------------------------------------------------------------------------+
; Flow Summary                                                                  ;
+------------------------------------+------------------------------------------+
; Flow Status                        ; Flow Failed - Sun Jan 13 20:35:36 2013   ;
; Quartus II 64-Bit Version          ; 12.1 Build 177 11/07/2012 SJ Web Edition ;
; Revision Name                      ; NIOS_Tut                                 ;
; Top-level Entity Name              ; nios2_quartus2_project                   ;
; Family                             ; Cyclone III                              ;
; Device                             ; EP3C25F324C6                             ;
; Timing Models                      ; Final                                    ;
; Total logic elements               ; N/A until Partition Merge                ;
;     Total combinational functions  ; N/A until Partition Merge                ;
;     Dedicated logic registers      ; N/A until Partition Merge                ;
; Total registers                    ; N/A until Partition Merge                ;
; Total pins                         ; N/A until Partition Merge                ;
; Total virtual pins                 ; N/A until Partition Merge                ;
; Total memory bits                  ; N/A until Partition Merge                ;
; Embedded Multiplier 9-bit elements ; N/A until Partition Merge                ;
; Total PLLs                         ; N/A until Partition Merge                ;
+------------------------------------+------------------------------------------+


+-----------------------------------------+
; Flow Settings                           ;
+-------------------+---------------------+
; Option            ; Setting             ;
+-------------------+---------------------+
; Start date & time ; 01/13/2013 20:34:52 ;
; Main task         ; Compilation         ;
; Revision Name     ; NIOS_Tut            ;
+-------------------+---------------------+


+---------------------------------------------------------------------------------------------------------------------------------------------------------------------------+
; Flow Non-Default Global Settings                                                                                                                                          ;
+-------------------------------------+-------------------------------------------------------------------+---------------+------------------------------------+------------+
; Assignment Name                     ; Value                                                             ; Default Value ; Entity Name                        ; Section Id ;
+-------------------------------------+-------------------------------------------------------------------+---------------+------------------------------------+------------+
; COMPILER_SIGNATURE_ID               ; 92378953778107.135810929105580                                    ; --            ; --                                 ; --         ;
; IP_TOOL_ENV                         ; qsys                                                              ; --            ; --                                 ; --         ;
; IP_TOOL_ENV                         ; qsys                                                              ; --            ; NIOSII_Tutorial                    ; --         ;
; IP_TOOL_ENV                         ; qsys                                                              ; --            ; NIOSII_Tutorial_addr_router        ; --         ;
; IP_TOOL_ENV                         ; qsys                                                              ; --            ; NIOSII_Tutorial_addr_router_001    ; --         ;
; IP_TOOL_ENV                         ; qsys                                                              ; --            ; NIOSII_Tutorial_cmd_xbar_demux     ; --         ;
; IP_TOOL_ENV                         ; qsys                                                              ; --            ; NIOSII_Tutorial_cmd_xbar_demux_001 ; --         ;
; IP_TOOL_ENV                         ; qsys                                                              ; --            ; NIOSII_Tutorial_cmd_xbar_mux       ; --         ;
; IP_TOOL_ENV                         ; qsys                                                              ; --            ; NIOSII_Tutorial_cpu                ; --         ;
; IP_TOOL_ENV                         ; qsys                                                              ; --            ; NIOSII_Tutorial_id_router          ; --         ;
; IP_TOOL_ENV                         ; qsys                                                              ; --            ; NIOSII_Tutorial_id_router_002      ; --         ;
; IP_TOOL_ENV                         ; qsys                                                              ; --            ; NIOSII_Tutorial_irq_mapper         ; --         ;
; IP_TOOL_ENV                         ; qsys                                                              ; --            ; NIOSII_Tutorial_jtag_uart          ; --         ;
; IP_TOOL_ENV                         ; qsys                                                              ; --            ; NIOSII_Tutorial_led_pio            ; --         ;
; IP_TOOL_ENV                         ; qsys                                                              ; --            ; NIOSII_Tutorial_onchip_mem         ; --         ;
; IP_TOOL_ENV                         ; qsys                                                              ; --            ; NIOSII_Tutorial_rsp_xbar_demux     ; --         ;
; IP_TOOL_ENV                         ; qsys                                                              ; --            ; NIOSII_Tutorial_rsp_xbar_demux_002 ; --         ;
; IP_TOOL_ENV                         ; qsys                                                              ; --            ; NIOSII_Tutorial_rsp_xbar_mux       ; --         ;
; IP_TOOL_ENV                         ; qsys                                                              ; --            ; NIOSII_Tutorial_rsp_xbar_mux_001   ; --         ;
; IP_TOOL_ENV                         ; qsys                                                              ; --            ; NIOSII_Tutorial_sys_clk_timer      ; --         ;
; IP_TOOL_ENV                         ; qsys                                                              ; --            ; NIOSII_Tutorial_sysid              ; --         ;
; IP_TOOL_ENV                         ; qsys                                                              ; --            ; altera_avalon_sc_fifo              ; --         ;
; IP_TOOL_ENV                         ; qsys                                                              ; --            ; altera_merlin_master_agent         ; --         ;
; IP_TOOL_ENV                         ; qsys                                                              ; --            ; altera_merlin_master_translator    ; --         ;
; IP_TOOL_ENV                         ; qsys                                                              ; --            ; altera_merlin_slave_agent          ; --         ;
; IP_TOOL_ENV                         ; qsys                                                              ; --            ; altera_merlin_slave_translator     ; --         ;
; IP_TOOL_ENV                         ; qsys                                                              ; --            ; altera_merlin_traffic_limiter      ; --         ;
; IP_TOOL_ENV                         ; qsys                                                              ; --            ; altera_reset_controller            ; --         ;
; IP_TOOL_NAME                        ; qsys                                                              ; --            ; --                                 ; --         ;
; IP_TOOL_NAME                        ; qsys                                                              ; --            ; NIOSII_Tutorial                    ; --         ;
; IP_TOOL_NAME                        ; altera_merlin_router                                              ; --            ; NIOSII_Tutorial_addr_router        ; --         ;
; IP_TOOL_NAME                        ; altera_merlin_router                                              ; --            ; NIOSII_Tutorial_addr_router_001    ; --         ;
; IP_TOOL_NAME                        ; altera_merlin_demultiplexer                                       ; --            ; NIOSII_Tutorial_cmd_xbar_demux     ; --         ;
; IP_TOOL_NAME                        ; altera_merlin_demultiplexer                                       ; --            ; NIOSII_Tutorial_cmd_xbar_demux_001 ; --         ;
; IP_TOOL_NAME                        ; altera_merlin_multiplexer                                         ; --            ; NIOSII_Tutorial_cmd_xbar_mux       ; --         ;
; IP_TOOL_NAME                        ; altera_nios2_qsys                                                 ; --            ; NIOSII_Tutorial_cpu                ; --         ;
; IP_TOOL_NAME                        ; altera_merlin_router                                              ; --            ; NIOSII_Tutorial_id_router          ; --         ;
; IP_TOOL_NAME                        ; altera_merlin_router                                              ; --            ; NIOSII_Tutorial_id_router_002      ; --         ;
; IP_TOOL_NAME                        ; altera_irq_mapper                                                 ; --            ; NIOSII_Tutorial_irq_mapper         ; --         ;
; IP_TOOL_NAME                        ; altera_avalon_jtag_uart                                           ; --            ; NIOSII_Tutorial_jtag_uart          ; --         ;
; IP_TOOL_NAME                        ; altera_avalon_pio                                                 ; --            ; NIOSII_Tutorial_led_pio            ; --         ;
; IP_TOOL_NAME                        ; altera_avalon_onchip_memory2                                      ; --            ; NIOSII_Tutorial_onchip_mem         ; --         ;
; IP_TOOL_NAME                        ; altera_merlin_demultiplexer                                       ; --            ; NIOSII_Tutorial_rsp_xbar_demux     ; --         ;
; IP_TOOL_NAME                        ; altera_merlin_demultiplexer                                       ; --            ; NIOSII_Tutorial_rsp_xbar_demux_002 ; --         ;
; IP_TOOL_NAME                        ; altera_merlin_multiplexer                                         ; --            ; NIOSII_Tutorial_rsp_xbar_mux       ; --         ;
; IP_TOOL_NAME                        ; altera_merlin_multiplexer                                         ; --            ; NIOSII_Tutorial_rsp_xbar_mux_001   ; --         ;
; IP_TOOL_NAME                        ; altera_avalon_timer                                               ; --            ; NIOSII_Tutorial_sys_clk_timer      ; --         ;
; IP_TOOL_NAME                        ; altera_avalon_sysid_qsys                                          ; --            ; NIOSII_Tutorial_sysid              ; --         ;
; IP_TOOL_NAME                        ; altera_avalon_sc_fifo                                             ; --            ; altera_avalon_sc_fifo              ; --         ;
; IP_TOOL_NAME                        ; altera_merlin_master_agent                                        ; --            ; altera_merlin_master_agent         ; --         ;
; IP_TOOL_NAME                        ; altera_merlin_master_translator                                   ; --            ; altera_merlin_master_translator    ; --         ;
; IP_TOOL_NAME                        ; altera_merlin_slave_agent                                         ; --            ; altera_merlin_slave_agent          ; --         ;
; IP_TOOL_NAME                        ; altera_merlin_slave_translator                                    ; --            ; altera_merlin_slave_translator     ; --         ;
; IP_TOOL_NAME                        ; altera_merlin_traffic_limiter                                     ; --            ; altera_merlin_traffic_limiter      ; --         ;
; IP_TOOL_NAME                        ; altera_reset_controller                                           ; --            ; altera_reset_controller            ; --         ;
; IP_TOOL_VERSION                     ; 12.1                                                              ; --            ; --                                 ; --         ;
; IP_TOOL_VERSION                     ; 12.1                                                              ; --            ; NIOSII_Tutorial                    ; --         ;
; IP_TOOL_VERSION                     ; 12.1                                                              ; --            ; NIOSII_Tutorial_addr_router        ; --         ;
; IP_TOOL_VERSION                     ; 12.1                                                              ; --            ; NIOSII_Tutorial_addr_router_001    ; --         ;
; IP_TOOL_VERSION                     ; 12.1                                                              ; --            ; NIOSII_Tutorial_cmd_xbar_demux     ; --         ;
; IP_TOOL_VERSION                     ; 12.1                                                              ; --            ; NIOSII_Tutorial_cmd_xbar_demux_001 ; --         ;
; IP_TOOL_VERSION                     ; 12.1                                                              ; --            ; NIOSII_Tutorial_cmd_xbar_mux       ; --         ;
; IP_TOOL_VERSION                     ; 12.1                                                              ; --            ; NIOSII_Tutorial_cpu                ; --         ;
; IP_TOOL_VERSION                     ; 12.1                                                              ; --            ; NIOSII_Tutorial_id_router          ; --         ;
; IP_TOOL_VERSION                     ; 12.1                                                              ; --            ; NIOSII_Tutorial_id_router_002      ; --         ;
; IP_TOOL_VERSION                     ; 12.1                                                              ; --            ; NIOSII_Tutorial_irq_mapper         ; --         ;
; IP_TOOL_VERSION                     ; 12.1                                                              ; --            ; NIOSII_Tutorial_jtag_uart          ; --         ;
; IP_TOOL_VERSION                     ; 12.1                                                              ; --            ; NIOSII_Tutorial_led_pio            ; --         ;
; IP_TOOL_VERSION                     ; 12.1                                                              ; --            ; NIOSII_Tutorial_onchip_mem         ; --         ;
; IP_TOOL_VERSION                     ; 12.1                                                              ; --            ; NIOSII_Tutorial_rsp_xbar_demux     ; --         ;
; IP_TOOL_VERSION                     ; 12.1                                                              ; --            ; NIOSII_Tutorial_rsp_xbar_demux_002 ; --         ;
; IP_TOOL_VERSION                     ; 12.1                                                              ; --            ; NIOSII_Tutorial_rsp_xbar_mux       ; --         ;
; IP_TOOL_VERSION                     ; 12.1                                                              ; --            ; NIOSII_Tutorial_rsp_xbar_mux_001   ; --         ;
; IP_TOOL_VERSION                     ; 12.1                                                              ; --            ; NIOSII_Tutorial_sys_clk_timer      ; --         ;
; IP_TOOL_VERSION                     ; 12.1                                                              ; --            ; NIOSII_Tutorial_sysid              ; --         ;
; IP_TOOL_VERSION                     ; 12.1                                                              ; --            ; altera_avalon_sc_fifo              ; --         ;
; IP_TOOL_VERSION                     ; 12.1                                                              ; --            ; altera_merlin_master_agent         ; --         ;
; IP_TOOL_VERSION                     ; 12.1                                                              ; --            ; altera_merlin_master_translator    ; --         ;
; IP_TOOL_VERSION                     ; 12.1                                                              ; --            ; altera_merlin_slave_agent          ; --         ;
; IP_TOOL_VERSION                     ; 12.1                                                              ; --            ; altera_merlin_slave_translator     ; --         ;
; IP_TOOL_VERSION                     ; 12.1                                                              ; --            ; altera_merlin_traffic_limiter      ; --         ;
; IP_TOOL_VERSION                     ; 12.1                                                              ; --            ; altera_reset_controller            ; --         ;
; MAX_CORE_JUNCTION_TEMP              ; 85                                                                ; --            ; --                                 ; --         ;
; MIN_CORE_JUNCTION_TEMP              ; 0                                                                 ; --            ; --                                 ; --         ;
; MISC_FILE                           ; NIOSII_Tutorial/synthesis/../../NIOSII_Tutorial.cmp               ; --            ; --                                 ; --         ;
; MISC_FILE                           ; NIOSII_Tutorial/synthesis/../../NIOSII_Tutorial.qsys              ; --            ; --                                 ; --         ;
; PARTITION_COLOR                     ; 16764057                                                          ; --            ; nios2_quartus2_project             ; Top        ;
; PARTITION_FITTER_PRESERVATION_LEVEL ; PLACEMENT_AND_ROUTING                                             ; --            ; nios2_quartus2_project             ; Top        ;
; PARTITION_NETLIST_TYPE              ; SOURCE                                                            ; --            ; nios2_quartus2_project             ; Top        ;
; POWER_BOARD_THERMAL_MODEL           ; None (CONSERVATIVE)                                               ; --            ; --                                 ; --         ;
; POWER_PRESET_COOLING_SOLUTION       ; 23 MM HEAT SINK WITH 200 LFPM AIRFLOW                             ; --            ; --                                 ; --         ;
; PROJECT_OUTPUT_DIRECTORY            ; output_files                                                      ; --            ; --                                 ; --         ;
; SLD_INFO                            ; QSYS_NAME NIOSII_Tutorial HAS_SOPCINFO 1 GENERATION_ID 1357843343 ; --            ; NIOSII_Tutorial                    ; --         ;
; SOPCINFO_FILE                       ; NIOSII_Tutorial/synthesis/../../NIOSII_Tutorial.sopcinfo          ; --            ; --                                 ; --         ;
; SYNTHESIS_ONLY_QIP                  ; On                                                                ; --            ; --                                 ; --         ;
; TOP_LEVEL_ENTITY                    ; nios2_quartus2_project                                            ; NIOS_Tut      ; --                                 ; --         ;
+-------------------------------------+-------------------------------------------------------------------+---------------+------------------------------------+------------+


+--------------------------------------------------------------------------------------------------------------------------+
; Flow Elapsed Time                                                                                                        ;
+----------------------+--------------+-------------------------+---------------------+------------------------------------+
; Module Name          ; Elapsed Time ; Average Processors Used ; Peak Virtual Memory ; Total CPU Time (on all processors) ;
+----------------------+--------------+-------------------------+---------------------+------------------------------------+
; Analysis & Synthesis ; 00:00:45     ; 1.0                     ; 458 MB              ; 00:00:21                           ;
; Total                ; 00:00:45     ; --                      ; --                  ; 00:00:21                           ;
+----------------------+--------------+-------------------------+---------------------+------------------------------------+


+-----------------------------------------------------------------------------------+
; Flow OS Summary                                                                   ;
+----------------------+------------------+-----------+------------+----------------+
; Module Name          ; Machine Hostname ; OS Name   ; OS Version ; Processor type ;
+----------------------+------------------+-----------+------------+----------------+
; Analysis & Synthesis ; Supersonic       ; Windows 7 ; 6.1        ; x86_64         ;
+----------------------+------------------+-----------+------------+----------------+


------------
; Flow Log ;
------------
quartus_map --read_settings_files=on --write_settings_files=off NIOS_Tut -c NIOS_Tut



